{"/Users/nunolima/workspace/Dealit-Backend/src/application/users.ts": {"path":"/Users/nunolima/workspace/Dealit-Backend/src/application/users.ts","statementMap":{"0":{"start":{"line":9,"column":27},"end":{"line":44,"column":1}},"1":{"start":{"line":13,"column":2},"end":{"line":43,"column":3}},"2":{"start":{"line":14,"column":13},"end":{"line":14,"column":26}},"3":{"start":{"line":15,"column":4},"end":{"line":23,"column":5}},"4":{"start":{"line":16,"column":6},"end":{"line":22,"column":9}},"5":{"start":{"line":24,"column":17},"end":{"line":24,"column":34}},"6":{"start":{"line":25,"column":4},"end":{"line":25,"column":26}},"7":{"start":{"line":27,"column":4},"end":{"line":35,"column":5}},"8":{"start":{"line":28,"column":6},"end":{"line":34,"column":9}},"9":{"start":{"line":36,"column":4},"end":{"line":42,"column":7}},"10":{"start":{"line":45,"column":28},"end":{"line":49,"column":1}},"11":{"start":{"line":46,"column":15},"end":{"line":46,"column":34}},"12":{"start":{"line":47,"column":2},"end":{"line":47,"column":17}},"13":{"start":{"line":48,"column":2},"end":{"line":48,"column":14}},"14":{"start":{"line":51,"column":25},"end":{"line":95,"column":1}},"15":{"start":{"line":55,"column":2},"end":{"line":94,"column":3}},"16":{"start":{"line":56,"column":4},"end":{"line":64,"column":5}},"17":{"start":{"line":57,"column":6},"end":{"line":63,"column":9}},"18":{"start":{"line":65,"column":4},"end":{"line":68,"column":7}},"19":{"start":{"line":70,"column":4},"end":{"line":78,"column":5}},"20":{"start":{"line":71,"column":6},"end":{"line":77,"column":9}},"21":{"start":{"line":79,"column":4},"end":{"line":86,"column":9}},"22":{"start":{"line":80,"column":6},"end":{"line":86,"column":9}},"23":{"start":{"line":87,"column":4},"end":{"line":93,"column":7}}},"fnMap":{"0":{"name":"(anonymous_0)","decl":{"start":{"line":9,"column":27},"end":{"line":9,"column":28}},"loc":{"start":{"line":12,"column":50},"end":{"line":44,"column":1}},"line":12},"1":{"name":"(anonymous_1)","decl":{"start":{"line":45,"column":28},"end":{"line":45,"column":29}},"loc":{"start":{"line":45,"column":67},"end":{"line":49,"column":1}},"line":45},"2":{"name":"(anonymous_2)","decl":{"start":{"line":51,"column":25},"end":{"line":51,"column":26}},"loc":{"start":{"line":54,"column":50},"end":{"line":95,"column":1}},"line":54}},"branchMap":{"0":{"loc":{"start":{"line":15,"column":4},"end":{"line":23,"column":5}},"type":"if","locations":[{"start":{"line":15,"column":4},"end":{"line":23,"column":5}},{"start":{},"end":{}}],"line":15},"1":{"loc":{"start":{"line":27,"column":4},"end":{"line":35,"column":5}},"type":"if","locations":[{"start":{"line":27,"column":4},"end":{"line":35,"column":5}},{"start":{},"end":{}}],"line":27},"2":{"loc":{"start":{"line":56,"column":4},"end":{"line":64,"column":5}},"type":"if","locations":[{"start":{"line":56,"column":4},"end":{"line":64,"column":5}},{"start":{},"end":{}}],"line":56},"3":{"loc":{"start":{"line":70,"column":4},"end":{"line":78,"column":5}},"type":"if","locations":[{"start":{"line":70,"column":4},"end":{"line":78,"column":5}},{"start":{},"end":{}}],"line":70},"4":{"loc":{"start":{"line":79,"column":4},"end":{"line":86,"column":9}},"type":"if","locations":[{"start":{"line":79,"column":4},"end":{"line":86,"column":9}},{"start":{},"end":{}}],"line":79}},"s":{"0":1,"1":1,"2":1,"3":1,"4":1,"5":0,"6":0,"7":0,"8":0,"9":0,"10":1,"11":0,"12":0,"13":0,"14":1,"15":0,"16":0,"17":0,"18":0,"19":0,"20":0,"21":0,"22":0,"23":0},"f":{"0":1,"1":0,"2":0},"b":{"0":[1,0],"1":[0,0],"2":[0,0],"3":[0,0],"4":[0,0]},"_coverageSchema":"1a1c01bbd47fc00a2c39e90264f33305004495a9","hash":"15360f147cce0b73c0c7054913d1eb4cd076aa06"}
,"/Users/nunolima/workspace/Dealit-Backend/src/domain/users/get-allUsers.ts": {"path":"/Users/nunolima/workspace/Dealit-Backend/src/domain/users/get-allUsers.ts","statementMap":{"0":{"start":{"line":3,"column":27},"end":{"line":3,"column":46}}},"fnMap":{"0":{"name":"(anonymous_0)","decl":{"start":{"line":3,"column":15},"end":{"line":3,"column":16}},"loc":{"start":{"line":3,"column":27},"end":{"line":3,"column":46}},"line":3}},"branchMap":{},"s":{"0":0},"f":{"0":0},"b":{},"_coverageSchema":"1a1c01bbd47fc00a2c39e90264f33305004495a9","hash":"996e076f972deede77a5f6353d53336cb500d710"}
,"/Users/nunolima/workspace/Dealit-Backend/src/domain/users/get-userById.ts": {"path":"/Users/nunolima/workspace/Dealit-Backend/src/domain/users/get-userById.ts","statementMap":{"0":{"start":{"line":12,"column":8},"end":{"line":12,"column":29}}},"fnMap":{"0":{"name":"(anonymous_0)","decl":{"start":{"line":4,"column":15},"end":{"line":4,"column":16}},"loc":{"start":{"line":12,"column":8},"end":{"line":12,"column":29}},"line":12}},"branchMap":{},"s":{"0":0},"f":{"0":0},"b":{},"_coverageSchema":"1a1c01bbd47fc00a2c39e90264f33305004495a9","hash":"f29cb7e72fcac29eaf4489f47961889faa98c1de"}
,"/Users/nunolima/workspace/Dealit-Backend/src/domain/users/patch-user.ts": {"path":"/Users/nunolima/workspace/Dealit-Backend/src/domain/users/patch-user.ts","statementMap":{"0":{"start":{"line":5,"column":73},"end":{"line":5,"column":98}}},"fnMap":{"0":{"name":"(anonymous_0)","decl":{"start":{"line":5,"column":15},"end":{"line":5,"column":16}},"loc":{"start":{"line":5,"column":73},"end":{"line":5,"column":98}},"line":5}},"branchMap":{},"s":{"0":0},"f":{"0":0},"b":{},"_coverageSchema":"1a1c01bbd47fc00a2c39e90264f33305004495a9","hash":"df8054add9f0ff8676a6718ba201a339e2d83b8a"}
,"/Users/nunolima/workspace/Dealit-Backend/src/infrastructure/users-repository.ts": {"path":"/Users/nunolima/workspace/Dealit-Backend/src/infrastructure/users-repository.ts","statementMap":{"0":{"start":{"line":5,"column":15},"end":{"line":5,"column":33}},"1":{"start":{"line":7,"column":27},"end":{"line":40,"column":1}},"2":{"start":{"line":18,"column":15},"end":{"line":27,"column":4}},"3":{"start":{"line":28,"column":2},"end":{"line":30,"column":3}},"4":{"start":{"line":29,"column":4},"end":{"line":29,"column":43}},"5":{"start":{"line":31,"column":2},"end":{"line":39,"column":4}},"6":{"start":{"line":41,"column":27},"end":{"line":47,"column":1}},"7":{"start":{"line":42,"column":16},"end":{"line":44,"column":4}},"8":{"start":{"line":46,"column":2},"end":{"line":46,"column":14}},"9":{"start":{"line":49,"column":24},"end":{"line":101,"column":1}},"10":{"start":{"line":50,"column":18},"end":{"line":52,"column":4}},"11":{"start":{"line":54,"column":2},"end":{"line":56,"column":3}},"12":{"start":{"line":55,"column":4},"end":{"line":55,"column":57}},"13":{"start":{"line":58,"column":2},"end":{"line":58,"column":53}},"14":{"start":{"line":61,"column":2},"end":{"line":71,"column":3}},"15":{"start":{"line":62,"column":4},"end":{"line":62,"column":35}},"16":{"start":{"line":64,"column":4},"end":{"line":70,"column":6}},"17":{"start":{"line":72,"column":2},"end":{"line":72,"column":77}},"18":{"start":{"line":72,"column":19},"end":{"line":72,"column":77}},"19":{"start":{"line":73,"column":2},"end":{"line":88,"column":3}},"20":{"start":{"line":74,"column":17},"end":{"line":85,"column":6}},"21":{"start":{"line":86,"column":4},"end":{"line":86,"column":31}},"22":{"start":{"line":87,"column":4},"end":{"line":87,"column":16}},"23":{"start":{"line":89,"column":15},"end":{"line":98,"column":4}},"24":{"start":{"line":99,"column":2},"end":{"line":99,"column":29}},"25":{"start":{"line":100,"column":2},"end":{"line":100,"column":14}},"26":{"start":{"line":103,"column":21},"end":{"line":140,"column":1}},"27":{"start":{"line":113,"column":15},"end":{"line":113,"column":72}},"28":{"start":{"line":115,"column":2},"end":{"line":138,"column":3}},"29":{"start":{"line":119,"column":4},"end":{"line":130,"column":5}},"30":{"start":{"line":120,"column":6},"end":{"line":120,"column":37}},"31":{"start":{"line":122,"column":6},"end":{"line":128,"column":8}},"32":{"start":{"line":129,"column":6},"end":{"line":129,"column":25}},"33":{"start":{"line":131,"column":4},"end":{"line":137,"column":6}},"34":{"start":{"line":139,"column":2},"end":{"line":139,"column":41}},"35":{"start":{"line":142,"column":25},"end":{"line":167,"column":1}},"36":{"start":{"line":146,"column":17},"end":{"line":148,"column":4}},"37":{"start":{"line":149,"column":2},"end":{"line":149,"column":49}},"38":{"start":{"line":149,"column":15},"end":{"line":149,"column":49}},"39":{"start":{"line":151,"column":2},"end":{"line":157,"column":3}},"40":{"start":{"line":152,"column":4},"end":{"line":156,"column":5}},"41":{"start":{"line":153,"column":6},"end":{"line":153,"column":58}},"42":{"start":{"line":155,"column":6},"end":{"line":155,"column":52}},"43":{"start":{"line":158,"column":2},"end":{"line":166,"column":5}}},"fnMap":{"0":{"name":"(anonymous_0)","decl":{"start":{"line":7,"column":27},"end":{"line":7,"column":28}},"loc":{"start":{"line":17,"column":6},"end":{"line":40,"column":1}},"line":17},"1":{"name":"(anonymous_1)","decl":{"start":{"line":41,"column":27},"end":{"line":41,"column":28}},"loc":{"start":{"line":41,"column":37},"end":{"line":47,"column":1}},"line":41},"2":{"name":"(anonymous_2)","decl":{"start":{"line":49,"column":24},"end":{"line":49,"column":25}},"loc":{"start":{"line":49,"column":69},"end":{"line":101,"column":1}},"line":49},"3":{"name":"(anonymous_3)","decl":{"start":{"line":103,"column":21},"end":{"line":103,"column":22}},"loc":{"start":{"line":112,"column":6},"end":{"line":140,"column":1}},"line":112},"4":{"name":"(anonymous_4)","decl":{"start":{"line":142,"column":25},"end":{"line":142,"column":26}},"loc":{"start":{"line":145,"column":20},"end":{"line":167,"column":1}},"line":145}},"branchMap":{"0":{"loc":{"start":{"line":28,"column":2},"end":{"line":30,"column":3}},"type":"if","locations":[{"start":{"line":28,"column":2},"end":{"line":30,"column":3}},{"start":{},"end":{}}],"line":28},"1":{"loc":{"start":{"line":54,"column":2},"end":{"line":56,"column":3}},"type":"if","locations":[{"start":{"line":54,"column":2},"end":{"line":56,"column":3}},{"start":{},"end":{}}],"line":54},"2":{"loc":{"start":{"line":61,"column":2},"end":{"line":71,"column":3}},"type":"if","locations":[{"start":{"line":61,"column":2},"end":{"line":71,"column":3}},{"start":{},"end":{}}],"line":61},"3":{"loc":{"start":{"line":72,"column":2},"end":{"line":72,"column":77}},"type":"if","locations":[{"start":{"line":72,"column":2},"end":{"line":72,"column":77}},{"start":{},"end":{}}],"line":72},"4":{"loc":{"start":{"line":73,"column":2},"end":{"line":88,"column":3}},"type":"if","locations":[{"start":{"line":73,"column":2},"end":{"line":88,"column":3}},{"start":{},"end":{}}],"line":73},"5":{"loc":{"start":{"line":73,"column":6},"end":{"line":73,"column":52}},"type":"binary-expr","locations":[{"start":{"line":73,"column":6},"end":{"line":73,"column":21}},{"start":{"line":73,"column":25},"end":{"line":73,"column":52}}],"line":73},"6":{"loc":{"start":{"line":115,"column":2},"end":{"line":138,"column":3}},"type":"if","locations":[{"start":{"line":115,"column":2},"end":{"line":138,"column":3}},{"start":{},"end":{}}],"line":115},"7":{"loc":{"start":{"line":115,"column":6},"end":{"line":115,"column":57}},"type":"binary-expr","locations":[{"start":{"line":115,"column":6},"end":{"line":115,"column":10}},{"start":{"line":115,"column":14},"end":{"line":115,"column":57}}],"line":115},"8":{"loc":{"start":{"line":119,"column":4},"end":{"line":130,"column":5}},"type":"if","locations":[{"start":{"line":119,"column":4},"end":{"line":130,"column":5}},{"start":{},"end":{}}],"line":119},"9":{"loc":{"start":{"line":149,"column":2},"end":{"line":149,"column":49}},"type":"if","locations":[{"start":{"line":149,"column":2},"end":{"line":149,"column":49}},{"start":{},"end":{}}],"line":149},"10":{"loc":{"start":{"line":151,"column":2},"end":{"line":157,"column":3}},"type":"if","locations":[{"start":{"line":151,"column":2},"end":{"line":157,"column":3}},{"start":{},"end":{}}],"line":151},"11":{"loc":{"start":{"line":151,"column":6},"end":{"line":151,"column":40}},"type":"binary-expr","locations":[{"start":{"line":151,"column":6},"end":{"line":151,"column":21}},{"start":{"line":151,"column":25},"end":{"line":151,"column":40}}],"line":151},"12":{"loc":{"start":{"line":152,"column":4},"end":{"line":156,"column":5}},"type":"if","locations":[{"start":{"line":152,"column":4},"end":{"line":156,"column":5}},{"start":{"line":154,"column":11},"end":{"line":156,"column":5}}],"line":152},"13":{"loc":{"start":{"line":161,"column":16},"end":{"line":161,"column":62}},"type":"cond-expr","locations":[{"start":{"line":161,"column":32},"end":{"line":161,"column":47}},{"start":{"line":161,"column":50},"end":{"line":161,"column":62}}],"line":161},"14":{"loc":{"start":{"line":162,"column":13},"end":{"line":162,"column":50}},"type":"cond-expr","locations":[{"start":{"line":162,"column":26},"end":{"line":162,"column":38}},{"start":{"line":162,"column":41},"end":{"line":162,"column":50}}],"line":162},"15":{"loc":{"start":{"line":163,"column":13},"end":{"line":163,"column":50}},"type":"cond-expr","locations":[{"start":{"line":163,"column":26},"end":{"line":163,"column":38}},{"start":{"line":163,"column":41},"end":{"line":163,"column":50}}],"line":163},"16":{"loc":{"start":{"line":164,"column":16},"end":{"line":164,"column":62}},"type":"cond-expr","locations":[{"start":{"line":164,"column":32},"end":{"line":164,"column":47}},{"start":{"line":164,"column":50},"end":{"line":164,"column":62}}],"line":164}},"s":{"0":2,"1":2,"2":0,"3":0,"4":0,"5":0,"6":2,"7":0,"8":0,"9":2,"10":0,"11":0,"12":0,"13":0,"14":0,"15":0,"16":0,"17":0,"18":0,"19":0,"20":0,"21":0,"22":0,"23":0,"24":0,"25":0,"26":2,"27":0,"28":0,"29":0,"30":0,"31":0,"32":0,"33":0,"34":0,"35":2,"36":0,"37":0,"38":0,"39":0,"40":0,"41":0,"42":0,"43":0},"f":{"0":0,"1":0,"2":0,"3":0,"4":0},"b":{"0":[0,0],"1":[0,0],"2":[0,0],"3":[0,0],"4":[0,0],"5":[0,0],"6":[0,0],"7":[0,0],"8":[0,0],"9":[0,0],"10":[0,0],"11":[0,0],"12":[0,0],"13":[0,0],"14":[0,0],"15":[0,0],"16":[0,0]},"_coverageSchema":"1a1c01bbd47fc00a2c39e90264f33305004495a9","hash":"ae86c556bbecd2f49b40d83afca9a9eef0fb204f"}
}
