{"/Users/nunolima/workspace/Dealit-Backend/src/application/addresses.ts": {"path":"/Users/nunolima/workspace/Dealit-Backend/src/application/addresses.ts","statementMap":{"0":{"start":{"line":9,"column":36},"end":{"line":43,"column":1}},"1":{"start":{"line":13,"column":2},"end":{"line":42,"column":3}},"2":{"start":{"line":14,"column":19},"end":{"line":14,"column":36}},"3":{"start":{"line":15,"column":4},"end":{"line":23,"column":5}},"4":{"start":{"line":16,"column":6},"end":{"line":22,"column":9}},"5":{"start":{"line":24,"column":4},"end":{"line":24,"column":59}},"6":{"start":{"line":26,"column":4},"end":{"line":34,"column":5}},"7":{"start":{"line":27,"column":6},"end":{"line":33,"column":9}},"8":{"start":{"line":35,"column":4},"end":{"line":41,"column":7}},"9":{"start":{"line":45,"column":27},"end":{"line":81,"column":1}},"10":{"start":{"line":49,"column":2},"end":{"line":80,"column":3}},"11":{"start":{"line":50,"column":26},"end":{"line":50,"column":34}},"12":{"start":{"line":51,"column":4},"end":{"line":67,"column":5}},"13":{"start":{"line":60,"column":6},"end":{"line":66,"column":9}},"14":{"start":{"line":68,"column":4},"end":{"line":71,"column":7}},"15":{"start":{"line":73,"column":4},"end":{"line":79,"column":7}},"16":{"start":{"line":83,"column":34},"end":{"line":101,"column":1}},"17":{"start":{"line":87,"column":13},"end":{"line":87,"column":34}},"18":{"start":{"line":88,"column":2},"end":{"line":96,"column":3}},"19":{"start":{"line":89,"column":4},"end":{"line":95,"column":7}},"20":{"start":{"line":97,"column":2},"end":{"line":100,"column":5}},"21":{"start":{"line":104,"column":38},"end":{"line":113,"column":3}},"22":{"start":{"line":105,"column":2},"end":{"line":110,"column":3}},"23":{"start":{"line":106,"column":21},"end":{"line":106,"column":54}},"24":{"start":{"line":107,"column":19},"end":{"line":107,"column":42}},"25":{"start":{"line":109,"column":4},"end":{"line":109,"column":27}}},"fnMap":{"0":{"name":"(anonymous_0)","decl":{"start":{"line":9,"column":36},"end":{"line":9,"column":37}},"loc":{"start":{"line":12,"column":50},"end":{"line":43,"column":1}},"line":12},"1":{"name":"(anonymous_1)","decl":{"start":{"line":45,"column":27},"end":{"line":45,"column":28}},"loc":{"start":{"line":48,"column":50},"end":{"line":81,"column":1}},"line":48},"2":{"name":"(anonymous_2)","decl":{"start":{"line":83,"column":34},"end":{"line":83,"column":35}},"loc":{"start":{"line":86,"column":50},"end":{"line":101,"column":1}},"line":86},"3":{"name":"(anonymous_3)","decl":{"start":{"line":104,"column":38},"end":{"line":104,"column":39}},"loc":{"start":{"line":104,"column":72},"end":{"line":113,"column":3}},"line":104}},"branchMap":{"0":{"loc":{"start":{"line":15,"column":4},"end":{"line":23,"column":5}},"type":"if","locations":[{"start":{"line":15,"column":4},"end":{"line":23,"column":5}},{"start":{},"end":{}}],"line":15},"1":{"loc":{"start":{"line":26,"column":4},"end":{"line":34,"column":5}},"type":"if","locations":[{"start":{"line":26,"column":4},"end":{"line":34,"column":5}},{"start":{},"end":{}}],"line":26},"2":{"loc":{"start":{"line":51,"column":4},"end":{"line":67,"column":5}},"type":"if","locations":[{"start":{"line":51,"column":4},"end":{"line":67,"column":5}},{"start":{},"end":{}}],"line":51},"3":{"loc":{"start":{"line":53,"column":8},"end":{"line":57,"column":20}},"type":"binary-expr","locations":[{"start":{"line":53,"column":8},"end":{"line":53,"column":20}},{"start":{"line":54,"column":8},"end":{"line":54,"column":17}},{"start":{"line":55,"column":8},"end":{"line":55,"column":24}},{"start":{"line":56,"column":8},"end":{"line":56,"column":19}},{"start":{"line":57,"column":8},"end":{"line":57,"column":20}}],"line":53},"4":{"loc":{"start":{"line":88,"column":2},"end":{"line":96,"column":3}},"type":"if","locations":[{"start":{"line":88,"column":2},"end":{"line":96,"column":3}},{"start":{},"end":{}}],"line":88},"5":{"loc":{"start":{"line":105,"column":2},"end":{"line":110,"column":3}},"type":"if","locations":[{"start":{"line":105,"column":2},"end":{"line":110,"column":3}},{"start":{},"end":{}}],"line":105},"6":{"loc":{"start":{"line":105,"column":6},"end":{"line":105,"column":75}},"type":"binary-expr","locations":[{"start":{"line":105,"column":6},"end":{"line":105,"column":40}},{"start":{"line":105,"column":43},"end":{"line":105,"column":75}}],"line":105},"7":{"loc":{"start":{"line":106,"column":21},"end":{"line":106,"column":54}},"type":"binary-expr","locations":[{"start":{"line":106,"column":21},"end":{"line":106,"column":43}},{"start":{"line":106,"column":47},"end":{"line":106,"column":54}}],"line":106}},"s":{"0":1,"1":4,"2":4,"3":4,"4":1,"5":3,"6":2,"7":1,"8":1,"9":1,"10":0,"11":0,"12":0,"13":0,"14":0,"15":0,"16":1,"17":0,"18":0,"19":0,"20":0,"21":1,"22":0,"23":0,"24":0,"25":0},"f":{"0":4,"1":0,"2":0,"3":0},"b":{"0":[1,3],"1":[1,1],"2":[0,0],"3":[0,0,0,0,0],"4":[0,0],"5":[0,0],"6":[0,0],"7":[0,0]},"_coverageSchema":"1a1c01bbd47fc00a2c39e90264f33305004495a9","hash":"c19cd34d2aaef61e2a87df0726e45e9967b3219b"}
,"/Users/nunolima/workspace/Dealit-Backend/src/application/products.ts": {"path":"/Users/nunolima/workspace/Dealit-Backend/src/application/products.ts","statementMap":{"0":{"start":{"line":11,"column":30},"end":{"line":49,"column":1}},"1":{"start":{"line":15,"column":2},"end":{"line":48,"column":3}},"2":{"start":{"line":17,"column":15},"end":{"line":17,"column":28}},"3":{"start":{"line":18,"column":17},"end":{"line":18,"column":44}},"4":{"start":{"line":19,"column":18},"end":{"line":19,"column":46}},"5":{"start":{"line":20,"column":4},"end":{"line":28,"column":5}},"6":{"start":{"line":21,"column":6},"end":{"line":27,"column":9}},"7":{"start":{"line":29,"column":4},"end":{"line":29,"column":55}},"8":{"start":{"line":32,"column":4},"end":{"line":40,"column":5}},"9":{"start":{"line":33,"column":6},"end":{"line":39,"column":9}},"10":{"start":{"line":41,"column":4},"end":{"line":47,"column":7}},"11":{"start":{"line":51,"column":30},"end":{"line":97,"column":1}},"12":{"start":{"line":55,"column":2},"end":{"line":96,"column":3}},"13":{"start":{"line":56,"column":16},"end":{"line":56,"column":29}},"14":{"start":{"line":57,"column":24},"end":{"line":57,"column":44}},"15":{"start":{"line":58,"column":18},"end":{"line":58,"column":33}},"16":{"start":{"line":59,"column":18},"end":{"line":59,"column":32}},"17":{"start":{"line":60,"column":19},"end":{"line":60,"column":34}},"18":{"start":{"line":61,"column":21},"end":{"line":61,"column":38}},"19":{"start":{"line":63,"column":4},"end":{"line":71,"column":5}},"20":{"start":{"line":64,"column":6},"end":{"line":70,"column":9}},"21":{"start":{"line":73,"column":17},"end":{"line":80,"column":5}},"22":{"start":{"line":82,"column":19},"end":{"line":82,"column":42}},"23":{"start":{"line":83,"column":4},"end":{"line":86,"column":7}},"24":{"start":{"line":89,"column":4},"end":{"line":95,"column":7}},"25":{"start":{"line":99,"column":37},"end":{"line":119,"column":1}},"26":{"start":{"line":103,"column":2},"end":{"line":118,"column":3}},"27":{"start":{"line":104,"column":21},"end":{"line":104,"column":40}},"28":{"start":{"line":106,"column":17},"end":{"line":106,"column":44}},"29":{"start":{"line":107,"column":18},"end":{"line":107,"column":46}},"30":{"start":{"line":108,"column":16},"end":{"line":108,"column":61}},"31":{"start":{"line":109,"column":4},"end":{"line":109,"column":25}},"32":{"start":{"line":111,"column":4},"end":{"line":117,"column":7}},"33":{"start":{"line":121,"column":39},"end":{"line":139,"column":1}},"34":{"start":{"line":125,"column":2},"end":{"line":138,"column":3}},"35":{"start":{"line":126,"column":17},"end":{"line":126,"column":44}},"36":{"start":{"line":127,"column":18},"end":{"line":127,"column":46}},"37":{"start":{"line":128,"column":16},"end":{"line":128,"column":46}},"38":{"start":{"line":129,"column":4},"end":{"line":129,"column":25}},"39":{"start":{"line":131,"column":4},"end":{"line":137,"column":7}},"40":{"start":{"line":141,"column":35},"end":{"line":176,"column":1}},"41":{"start":{"line":145,"column":2},"end":{"line":175,"column":3}},"42":{"start":{"line":146,"column":19},"end":{"line":146,"column":36}},"43":{"start":{"line":148,"column":4},"end":{"line":156,"column":5}},"44":{"start":{"line":149,"column":6},"end":{"line":155,"column":9}},"45":{"start":{"line":157,"column":4},"end":{"line":157,"column":60}},"46":{"start":{"line":159,"column":4},"end":{"line":167,"column":5}},"47":{"start":{"line":160,"column":6},"end":{"line":166,"column":9}},"48":{"start":{"line":168,"column":4},"end":{"line":174,"column":7}},"49":{"start":{"line":178,"column":28},"end":{"line":233,"column":1}},"50":{"start":{"line":182,"column":2},"end":{"line":232,"column":3}},"51":{"start":{"line":183,"column":15},"end":{"line":183,"column":28}},"52":{"start":{"line":184,"column":17},"end":{"line":184,"column":25}},"53":{"start":{"line":185,"column":4},"end":{"line":193,"column":5}},"54":{"start":{"line":186,"column":6},"end":{"line":192,"column":9}},"55":{"start":{"line":194,"column":4},"end":{"line":202,"column":5}},"56":{"start":{"line":195,"column":6},"end":{"line":201,"column":9}},"57":{"start":{"line":203,"column":4},"end":{"line":206,"column":7}},"58":{"start":{"line":208,"column":4},"end":{"line":216,"column":5}},"59":{"start":{"line":209,"column":6},"end":{"line":215,"column":9}},"60":{"start":{"line":217,"column":4},"end":{"line":224,"column":9}},"61":{"start":{"line":218,"column":6},"end":{"line":224,"column":9}},"62":{"start":{"line":225,"column":4},"end":{"line":231,"column":7}}},"fnMap":{"0":{"name":"(anonymous_0)","decl":{"start":{"line":11,"column":30},"end":{"line":11,"column":31}},"loc":{"start":{"line":14,"column":50},"end":{"line":49,"column":1}},"line":14},"1":{"name":"(anonymous_1)","decl":{"start":{"line":51,"column":30},"end":{"line":51,"column":31}},"loc":{"start":{"line":54,"column":50},"end":{"line":97,"column":1}},"line":54},"2":{"name":"(anonymous_2)","decl":{"start":{"line":99,"column":37},"end":{"line":99,"column":38}},"loc":{"start":{"line":102,"column":50},"end":{"line":119,"column":1}},"line":102},"3":{"name":"(anonymous_3)","decl":{"start":{"line":121,"column":39},"end":{"line":121,"column":40}},"loc":{"start":{"line":124,"column":50},"end":{"line":139,"column":1}},"line":124},"4":{"name":"(anonymous_4)","decl":{"start":{"line":141,"column":35},"end":{"line":141,"column":36}},"loc":{"start":{"line":144,"column":50},"end":{"line":176,"column":1}},"line":144},"5":{"name":"(anonymous_5)","decl":{"start":{"line":178,"column":28},"end":{"line":178,"column":29}},"loc":{"start":{"line":181,"column":50},"end":{"line":233,"column":1}},"line":181}},"branchMap":{"0":{"loc":{"start":{"line":18,"column":17},"end":{"line":18,"column":44}},"type":"binary-expr","locations":[{"start":{"line":18,"column":17},"end":{"line":18,"column":39}},{"start":{"line":18,"column":43},"end":{"line":18,"column":44}}],"line":18},"1":{"loc":{"start":{"line":19,"column":18},"end":{"line":19,"column":46}},"type":"binary-expr","locations":[{"start":{"line":19,"column":18},"end":{"line":19,"column":41}},{"start":{"line":19,"column":45},"end":{"line":19,"column":46}}],"line":19},"2":{"loc":{"start":{"line":20,"column":4},"end":{"line":28,"column":5}},"type":"if","locations":[{"start":{"line":20,"column":4},"end":{"line":28,"column":5}},{"start":{},"end":{}}],"line":20},"3":{"loc":{"start":{"line":20,"column":8},"end":{"line":20,"column":79}},"type":"binary-expr","locations":[{"start":{"line":20,"column":8},"end":{"line":20,"column":25}},{"start":{"line":20,"column":30},"end":{"line":20,"column":45}},{"start":{"line":20,"column":49},"end":{"line":20,"column":64}},{"start":{"line":20,"column":69},"end":{"line":20,"column":79}}],"line":20},"4":{"loc":{"start":{"line":32,"column":4},"end":{"line":40,"column":5}},"type":"if","locations":[{"start":{"line":32,"column":4},"end":{"line":40,"column":5}},{"start":{},"end":{}}],"line":32},"5":{"loc":{"start":{"line":63,"column":4},"end":{"line":71,"column":5}},"type":"if","locations":[{"start":{"line":63,"column":4},"end":{"line":71,"column":5}},{"start":{},"end":{}}],"line":63},"6":{"loc":{"start":{"line":63,"column":10},"end":{"line":63,"column":70}},"type":"binary-expr","locations":[{"start":{"line":63,"column":10},"end":{"line":63,"column":14}},{"start":{"line":63,"column":18},"end":{"line":63,"column":29}},{"start":{"line":63,"column":33},"end":{"line":63,"column":39}},{"start":{"line":63,"column":43},"end":{"line":63,"column":48}},{"start":{"line":63,"column":52},"end":{"line":63,"column":58}},{"start":{"line":63,"column":62},"end":{"line":63,"column":70}}],"line":63},"7":{"loc":{"start":{"line":106,"column":17},"end":{"line":106,"column":44}},"type":"binary-expr","locations":[{"start":{"line":106,"column":17},"end":{"line":106,"column":39}},{"start":{"line":106,"column":43},"end":{"line":106,"column":44}}],"line":106},"8":{"loc":{"start":{"line":107,"column":18},"end":{"line":107,"column":46}},"type":"binary-expr","locations":[{"start":{"line":107,"column":18},"end":{"line":107,"column":41}},{"start":{"line":107,"column":45},"end":{"line":107,"column":46}}],"line":107},"9":{"loc":{"start":{"line":126,"column":17},"end":{"line":126,"column":44}},"type":"binary-expr","locations":[{"start":{"line":126,"column":17},"end":{"line":126,"column":39}},{"start":{"line":126,"column":43},"end":{"line":126,"column":44}}],"line":126},"10":{"loc":{"start":{"line":127,"column":18},"end":{"line":127,"column":46}},"type":"binary-expr","locations":[{"start":{"line":127,"column":18},"end":{"line":127,"column":41}},{"start":{"line":127,"column":45},"end":{"line":127,"column":46}}],"line":127},"11":{"loc":{"start":{"line":148,"column":4},"end":{"line":156,"column":5}},"type":"if","locations":[{"start":{"line":148,"column":4},"end":{"line":156,"column":5}},{"start":{},"end":{}}],"line":148},"12":{"loc":{"start":{"line":159,"column":4},"end":{"line":167,"column":5}},"type":"if","locations":[{"start":{"line":159,"column":4},"end":{"line":167,"column":5}},{"start":{},"end":{}}],"line":159},"13":{"loc":{"start":{"line":185,"column":4},"end":{"line":193,"column":5}},"type":"if","locations":[{"start":{"line":185,"column":4},"end":{"line":193,"column":5}},{"start":{},"end":{}}],"line":185},"14":{"loc":{"start":{"line":194,"column":4},"end":{"line":202,"column":5}},"type":"if","locations":[{"start":{"line":194,"column":4},"end":{"line":202,"column":5}},{"start":{},"end":{}}],"line":194},"15":{"loc":{"start":{"line":208,"column":4},"end":{"line":216,"column":5}},"type":"if","locations":[{"start":{"line":208,"column":4},"end":{"line":216,"column":5}},{"start":{},"end":{}}],"line":208},"16":{"loc":{"start":{"line":217,"column":4},"end":{"line":224,"column":9}},"type":"if","locations":[{"start":{"line":217,"column":4},"end":{"line":224,"column":9}},{"start":{},"end":{}}],"line":217}},"s":{"0":1,"1":4,"2":4,"3":4,"4":4,"5":4,"6":1,"7":3,"8":3,"9":2,"10":1,"11":1,"12":3,"13":3,"14":3,"15":3,"16":3,"17":3,"18":3,"19":3,"20":1,"21":2,"22":2,"23":1,"24":1,"25":1,"26":2,"27":2,"28":2,"29":2,"30":2,"31":1,"32":1,"33":1,"34":2,"35":2,"36":2,"37":2,"38":1,"39":1,"40":1,"41":3,"42":3,"43":3,"44":1,"45":2,"46":1,"47":1,"48":0,"49":1,"50":0,"51":0,"52":0,"53":0,"54":0,"55":0,"56":0,"57":0,"58":0,"59":0,"60":0,"61":0,"62":0},"f":{"0":4,"1":3,"2":2,"3":2,"4":3,"5":0},"b":{"0":[4,2],"1":[4,2],"2":[1,3],"3":[4,1,1,3],"4":[2,1],"5":[1,2],"6":[3,2,2,2,2,2],"7":[2,2],"8":[2,2],"9":[2,2],"10":[2,2],"11":[1,2],"12":[1,0],"13":[0,0],"14":[0,0],"15":[0,0],"16":[0,0]},"_coverageSchema":"1a1c01bbd47fc00a2c39e90264f33305004495a9","hash":"787bc94f7cd2e7c7e807fdb64716b0fcdc5729c8"}
,"/Users/nunolima/workspace/Dealit-Backend/src/application/users.ts": {"path":"/Users/nunolima/workspace/Dealit-Backend/src/application/users.ts","statementMap":{"0":{"start":{"line":11,"column":27},"end":{"line":46,"column":1}},"1":{"start":{"line":15,"column":2},"end":{"line":45,"column":3}},"2":{"start":{"line":16,"column":15},"end":{"line":16,"column":28}},"3":{"start":{"line":17,"column":4},"end":{"line":25,"column":5}},"4":{"start":{"line":18,"column":6},"end":{"line":24,"column":9}},"5":{"start":{"line":26,"column":17},"end":{"line":26,"column":34}},"6":{"start":{"line":27,"column":4},"end":{"line":27,"column":26}},"7":{"start":{"line":29,"column":4},"end":{"line":37,"column":5}},"8":{"start":{"line":30,"column":6},"end":{"line":36,"column":9}},"9":{"start":{"line":38,"column":4},"end":{"line":44,"column":7}},"10":{"start":{"line":48,"column":28},"end":{"line":63,"column":1}},"11":{"start":{"line":52,"column":2},"end":{"line":62,"column":3}},"12":{"start":{"line":53,"column":4},"end":{"line":53,"column":41}},"13":{"start":{"line":55,"column":4},"end":{"line":61,"column":7}},"14":{"start":{"line":65,"column":25},"end":{"line":115,"column":1}},"15":{"start":{"line":69,"column":2},"end":{"line":114,"column":3}},"16":{"start":{"line":70,"column":15},"end":{"line":70,"column":28}},"17":{"start":{"line":71,"column":17},"end":{"line":71,"column":25}},"18":{"start":{"line":72,"column":4},"end":{"line":80,"column":5}},"19":{"start":{"line":73,"column":6},"end":{"line":79,"column":9}},"20":{"start":{"line":82,"column":19},"end":{"line":82,"column":43}},"21":{"start":{"line":84,"column":4},"end":{"line":92,"column":5}},"22":{"start":{"line":85,"column":6},"end":{"line":91,"column":9}},"23":{"start":{"line":93,"column":4},"end":{"line":96,"column":7}},"24":{"start":{"line":98,"column":4},"end":{"line":106,"column":5}},"25":{"start":{"line":99,"column":6},"end":{"line":105,"column":9}},"26":{"start":{"line":107,"column":4},"end":{"line":113,"column":7}},"27":{"start":{"line":117,"column":30},"end":{"line":142,"column":1}},"28":{"start":{"line":121,"column":2},"end":{"line":141,"column":3}},"29":{"start":{"line":122,"column":23},"end":{"line":122,"column":39}},"30":{"start":{"line":123,"column":4},"end":{"line":123,"column":46}},"31":{"start":{"line":125,"column":4},"end":{"line":133,"column":5}},"32":{"start":{"line":126,"column":6},"end":{"line":132,"column":9}},"33":{"start":{"line":134,"column":4},"end":{"line":140,"column":7}}},"fnMap":{"0":{"name":"(anonymous_0)","decl":{"start":{"line":11,"column":27},"end":{"line":11,"column":28}},"loc":{"start":{"line":14,"column":50},"end":{"line":46,"column":1}},"line":14},"1":{"name":"(anonymous_1)","decl":{"start":{"line":48,"column":28},"end":{"line":48,"column":29}},"loc":{"start":{"line":51,"column":50},"end":{"line":63,"column":1}},"line":51},"2":{"name":"(anonymous_2)","decl":{"start":{"line":65,"column":25},"end":{"line":65,"column":26}},"loc":{"start":{"line":68,"column":50},"end":{"line":115,"column":1}},"line":68},"3":{"name":"(anonymous_3)","decl":{"start":{"line":117,"column":30},"end":{"line":117,"column":31}},"loc":{"start":{"line":120,"column":50},"end":{"line":142,"column":1}},"line":120}},"branchMap":{"0":{"loc":{"start":{"line":17,"column":4},"end":{"line":25,"column":5}},"type":"if","locations":[{"start":{"line":17,"column":4},"end":{"line":25,"column":5}},{"start":{},"end":{}}],"line":17},"1":{"loc":{"start":{"line":29,"column":4},"end":{"line":37,"column":5}},"type":"if","locations":[{"start":{"line":29,"column":4},"end":{"line":37,"column":5}},{"start":{},"end":{}}],"line":29},"2":{"loc":{"start":{"line":72,"column":4},"end":{"line":80,"column":5}},"type":"if","locations":[{"start":{"line":72,"column":4},"end":{"line":80,"column":5}},{"start":{},"end":{}}],"line":72},"3":{"loc":{"start":{"line":84,"column":4},"end":{"line":92,"column":5}},"type":"if","locations":[{"start":{"line":84,"column":4},"end":{"line":92,"column":5}},{"start":{},"end":{}}],"line":84},"4":{"loc":{"start":{"line":98,"column":4},"end":{"line":106,"column":5}},"type":"if","locations":[{"start":{"line":98,"column":4},"end":{"line":106,"column":5}},{"start":{},"end":{}}],"line":98},"5":{"loc":{"start":{"line":125,"column":4},"end":{"line":133,"column":5}},"type":"if","locations":[{"start":{"line":125,"column":4},"end":{"line":133,"column":5}},{"start":{},"end":{}}],"line":125}},"s":{"0":1,"1":4,"2":4,"3":4,"4":1,"5":3,"6":1,"7":2,"8":1,"9":1,"10":1,"11":2,"12":2,"13":1,"14":1,"15":5,"16":5,"17":5,"18":5,"19":1,"20":4,"21":4,"22":1,"23":3,"24":2,"25":1,"26":1,"27":1,"28":3,"29":3,"30":3,"31":2,"32":1,"33":1},"f":{"0":4,"1":2,"2":5,"3":3},"b":{"0":[1,3],"1":[1,1],"2":[1,4],"3":[1,3],"4":[1,1],"5":[1,1]},"_coverageSchema":"1a1c01bbd47fc00a2c39e90264f33305004495a9","hash":"47e20deef4ff787409aa32cec94c6b1df26ba79f"}
,"/Users/nunolima/workspace/Dealit-Backend/src/domain/products/patch-product.ts": {"path":"/Users/nunolima/workspace/Dealit-Backend/src/domain/products/patch-product.ts","statementMap":{"0":{"start":{"line":6,"column":2},"end":{"line":6,"column":29}}},"fnMap":{"0":{"name":"(anonymous_0)","decl":{"start":{"line":5,"column":15},"end":{"line":5,"column":16}},"loc":{"start":{"line":6,"column":2},"end":{"line":6,"column":29}},"line":6}},"branchMap":{},"s":{"0":0},"f":{"0":0},"b":{},"_coverageSchema":"1a1c01bbd47fc00a2c39e90264f33305004495a9","hash":"ab305e49bf4423a3576992eba63f10bb0ea928ad"}
,"/Users/nunolima/workspace/Dealit-Backend/src/infrastructure/products-repository.ts": {"path":"/Users/nunolima/workspace/Dealit-Backend/src/infrastructure/products-repository.ts","statementMap":{"0":{"start":{"line":4,"column":15},"end":{"line":4,"column":33}},"1":{"start":{"line":6,"column":30},"end":{"line":27,"column":1}},"2":{"start":{"line":11,"column":2},"end":{"line":13,"column":3}},"3":{"start":{"line":12,"column":4},"end":{"line":12,"column":34}},"4":{"start":{"line":14,"column":2},"end":{"line":16,"column":3}},"5":{"start":{"line":15,"column":4},"end":{"line":15,"column":41}},"6":{"start":{"line":18,"column":18},"end":{"line":22,"column":4}},"7":{"start":{"line":23,"column":2},"end":{"line":25,"column":3}},"8":{"start":{"line":24,"column":4},"end":{"line":24,"column":46}},"9":{"start":{"line":26,"column":2},"end":{"line":26,"column":17}},"10":{"start":{"line":29,"column":27},"end":{"line":40,"column":1}},"11":{"start":{"line":30,"column":2},"end":{"line":39,"column":5}},"12":{"start":{"line":42,"column":46},"end":{"line":77,"column":1}},"13":{"start":{"line":47,"column":14},"end":{"line":51,"column":4}},"14":{"start":{"line":52,"column":2},"end":{"line":75,"column":3}},"15":{"start":{"line":53,"column":4},"end":{"line":62,"column":5}},"16":{"start":{"line":54,"column":23},"end":{"line":60,"column":8}},"17":{"start":{"line":61,"column":6},"end":{"line":61,"column":22}},"18":{"start":{"line":63,"column":17},"end":{"line":70,"column":6}},"19":{"start":{"line":71,"column":27},"end":{"line":71,"column":29}},"20":{"start":{"line":72,"column":4},"end":{"line":72,"column":72}},"21":{"start":{"line":72,"column":24},"end":{"line":72,"column":70}},"22":{"start":{"line":72,"column":53},"end":{"line":72,"column":69}},"23":{"start":{"line":73,"column":4},"end":{"line":73,"column":43}},"24":{"start":{"line":74,"column":4},"end":{"line":74,"column":17}},"25":{"start":{"line":76,"column":2},"end":{"line":76,"column":40}},"26":{"start":{"line":79,"column":39},"end":{"line":84,"column":1}},"27":{"start":{"line":83,"column":2},"end":{"line":83,"column":49}},"28":{"start":{"line":86,"column":35},"end":{"line":97,"column":1}},"29":{"start":{"line":89,"column":15},"end":{"line":92,"column":4}},"30":{"start":{"line":93,"column":2},"end":{"line":95,"column":3}},"31":{"start":{"line":94,"column":4},"end":{"line":94,"column":25}},"32":{"start":{"line":96,"column":2},"end":{"line":96,"column":41}},"33":{"start":{"line":101,"column":25},"end":{"line":138,"column":1}},"34":{"start":{"line":102,"column":18},"end":{"line":105,"column":4}},"35":{"start":{"line":107,"column":2},"end":{"line":116,"column":3}},"36":{"start":{"line":108,"column":21},"end":{"line":108,"column":66}},"37":{"start":{"line":109,"column":26},"end":{"line":111,"column":6}},"38":{"start":{"line":112,"column":4},"end":{"line":114,"column":5}},"39":{"start":{"line":113,"column":6},"end":{"line":113,"column":27}},"40":{"start":{"line":115,"column":4},"end":{"line":115,"column":19}},"41":{"start":{"line":117,"column":24},"end":{"line":117,"column":26}},"42":{"start":{"line":118,"column":2},"end":{"line":135,"column":3}},"43":{"start":{"line":119,"column":14},"end":{"line":119,"column":19}},"44":{"start":{"line":120,"column":21},"end":{"line":120,"column":66}},"45":{"start":{"line":121,"column":4},"end":{"line":125,"column":5}},"46":{"start":{"line":121,"column":17},"end":{"line":121,"column":18}},"47":{"start":{"line":122,"column":6},"end":{"line":124,"column":7}},"48":{"start":{"line":123,"column":8},"end":{"line":123,"column":19}},"49":{"start":{"line":126,"column":4},"end":{"line":128,"column":5}},"50":{"start":{"line":127,"column":6},"end":{"line":127,"column":15}},"51":{"start":{"line":129,"column":26},"end":{"line":131,"column":6}},"52":{"start":{"line":132,"column":4},"end":{"line":134,"column":5}},"53":{"start":{"line":133,"column":6},"end":{"line":133,"column":29}},"54":{"start":{"line":137,"column":2},"end":{"line":137,"column":12}},"55":{"start":{"line":141,"column":26},"end":{"line":154,"column":1}},"56":{"start":{"line":145,"column":19},"end":{"line":149,"column":4}},"57":{"start":{"line":150,"column":2},"end":{"line":152,"column":3}},"58":{"start":{"line":151,"column":4},"end":{"line":151,"column":20}},"59":{"start":{"line":153,"column":2},"end":{"line":153,"column":71}},"60":{"start":{"line":156,"column":28},"end":{"line":182,"column":1}},"61":{"start":{"line":160,"column":17},"end":{"line":162,"column":4}},"62":{"start":{"line":163,"column":2},"end":{"line":165,"column":3}},"63":{"start":{"line":164,"column":4},"end":{"line":164,"column":41}},"64":{"start":{"line":167,"column":2},"end":{"line":181,"column":5}}},"fnMap":{"0":{"name":"(anonymous_0)","decl":{"start":{"line":6,"column":30},"end":{"line":6,"column":31}},"loc":{"start":{"line":10,"column":5},"end":{"line":27,"column":1}},"line":10},"1":{"name":"(anonymous_1)","decl":{"start":{"line":29,"column":27},"end":{"line":29,"column":28}},"loc":{"start":{"line":29,"column":74},"end":{"line":40,"column":1}},"line":29},"2":{"name":"(anonymous_2)","decl":{"start":{"line":42,"column":46},"end":{"line":42,"column":47}},"loc":{"start":{"line":46,"column":25},"end":{"line":77,"column":1}},"line":46},"3":{"name":"(anonymous_3)","decl":{"start":{"line":72,"column":17},"end":{"line":72,"column":18}},"loc":{"start":{"line":72,"column":24},"end":{"line":72,"column":70}},"line":72},"4":{"name":"(anonymous_4)","decl":{"start":{"line":72,"column":43},"end":{"line":72,"column":44}},"loc":{"start":{"line":72,"column":53},"end":{"line":72,"column":69}},"line":72},"5":{"name":"(anonymous_5)","decl":{"start":{"line":79,"column":39},"end":{"line":79,"column":40}},"loc":{"start":{"line":82,"column":25},"end":{"line":84,"column":1}},"line":82},"6":{"name":"(anonymous_6)","decl":{"start":{"line":86,"column":35},"end":{"line":86,"column":36}},"loc":{"start":{"line":88,"column":25},"end":{"line":97,"column":1}},"line":88},"7":{"name":"(anonymous_7)","decl":{"start":{"line":101,"column":25},"end":{"line":101,"column":26}},"loc":{"start":{"line":101,"column":78},"end":{"line":138,"column":1}},"line":101},"8":{"name":"(anonymous_8)","decl":{"start":{"line":141,"column":26},"end":{"line":141,"column":27}},"loc":{"start":{"line":144,"column":25},"end":{"line":154,"column":1}},"line":144},"9":{"name":"(anonymous_9)","decl":{"start":{"line":156,"column":28},"end":{"line":156,"column":29}},"loc":{"start":{"line":159,"column":23},"end":{"line":182,"column":1}},"line":159}},"branchMap":{"0":{"loc":{"start":{"line":11,"column":2},"end":{"line":13,"column":3}},"type":"if","locations":[{"start":{"line":11,"column":2},"end":{"line":13,"column":3}},{"start":{},"end":{}}],"line":11},"1":{"loc":{"start":{"line":14,"column":2},"end":{"line":16,"column":3}},"type":"if","locations":[{"start":{"line":14,"column":2},"end":{"line":16,"column":3}},{"start":{},"end":{}}],"line":14},"2":{"loc":{"start":{"line":23,"column":2},"end":{"line":25,"column":3}},"type":"if","locations":[{"start":{"line":23,"column":2},"end":{"line":25,"column":3}},{"start":{},"end":{}}],"line":23},"3":{"loc":{"start":{"line":45,"column":2},"end":{"line":45,"column":18}},"type":"default-arg","locations":[{"start":{"line":45,"column":17},"end":{"line":45,"column":18}}],"line":45},"4":{"loc":{"start":{"line":52,"column":2},"end":{"line":75,"column":3}},"type":"if","locations":[{"start":{"line":52,"column":2},"end":{"line":75,"column":3}},{"start":{},"end":{}}],"line":52},"5":{"loc":{"start":{"line":53,"column":4},"end":{"line":62,"column":5}},"type":"if","locations":[{"start":{"line":53,"column":4},"end":{"line":62,"column":5}},{"start":{},"end":{}}],"line":53},"6":{"loc":{"start":{"line":81,"column":2},"end":{"line":81,"column":18}},"type":"default-arg","locations":[{"start":{"line":81,"column":17},"end":{"line":81,"column":18}}],"line":81},"7":{"loc":{"start":{"line":93,"column":2},"end":{"line":95,"column":3}},"type":"if","locations":[{"start":{"line":93,"column":2},"end":{"line":95,"column":3}},{"start":{},"end":{}}],"line":93},"8":{"loc":{"start":{"line":107,"column":2},"end":{"line":116,"column":3}},"type":"if","locations":[{"start":{"line":107,"column":2},"end":{"line":116,"column":3}},{"start":{},"end":{}}],"line":107},"9":{"loc":{"start":{"line":112,"column":4},"end":{"line":114,"column":5}},"type":"if","locations":[{"start":{"line":112,"column":4},"end":{"line":114,"column":5}},{"start":{},"end":{}}],"line":112},"10":{"loc":{"start":{"line":122,"column":6},"end":{"line":124,"column":7}},"type":"if","locations":[{"start":{"line":122,"column":6},"end":{"line":124,"column":7}},{"start":{},"end":{}}],"line":122},"11":{"loc":{"start":{"line":126,"column":4},"end":{"line":128,"column":5}},"type":"if","locations":[{"start":{"line":126,"column":4},"end":{"line":128,"column":5}},{"start":{},"end":{}}],"line":126},"12":{"loc":{"start":{"line":132,"column":4},"end":{"line":134,"column":5}},"type":"if","locations":[{"start":{"line":132,"column":4},"end":{"line":134,"column":5}},{"start":{},"end":{}}],"line":132},"13":{"loc":{"start":{"line":150,"column":2},"end":{"line":152,"column":3}},"type":"if","locations":[{"start":{"line":150,"column":2},"end":{"line":152,"column":3}},{"start":{},"end":{}}],"line":150},"14":{"loc":{"start":{"line":163,"column":2},"end":{"line":165,"column":3}},"type":"if","locations":[{"start":{"line":163,"column":2},"end":{"line":165,"column":3}},{"start":{},"end":{}}],"line":163},"15":{"loc":{"start":{"line":170,"column":12},"end":{"line":170,"column":46}},"type":"cond-expr","locations":[{"start":{"line":170,"column":24},"end":{"line":170,"column":35}},{"start":{"line":170,"column":38},"end":{"line":170,"column":46}}],"line":170},"16":{"loc":{"start":{"line":171,"column":19},"end":{"line":171,"column":74}},"type":"cond-expr","locations":[{"start":{"line":171,"column":38},"end":{"line":171,"column":56}},{"start":{"line":171,"column":59},"end":{"line":171,"column":74}}],"line":171},"17":{"loc":{"start":{"line":172,"column":14},"end":{"line":172,"column":54}},"type":"cond-expr","locations":[{"start":{"line":172,"column":28},"end":{"line":172,"column":41}},{"start":{"line":172,"column":44},"end":{"line":172,"column":54}}],"line":172},"18":{"loc":{"start":{"line":173,"column":13},"end":{"line":173,"column":50}},"type":"cond-expr","locations":[{"start":{"line":173,"column":26},"end":{"line":173,"column":38}},{"start":{"line":173,"column":41},"end":{"line":173,"column":50}}],"line":173},"19":{"loc":{"start":{"line":174,"column":29},"end":{"line":174,"column":69}},"type":"cond-expr","locations":[{"start":{"line":174,"column":43},"end":{"line":174,"column":56}},{"start":{"line":174,"column":59},"end":{"line":174,"column":69}}],"line":174},"20":{"loc":{"start":{"line":177,"column":16},"end":{"line":177,"column":66}},"type":"cond-expr","locations":[{"start":{"line":177,"column":32},"end":{"line":177,"column":51}},{"start":{"line":177,"column":54},"end":{"line":177,"column":66}}],"line":177}},"s":{"0":1,"1":1,"2":0,"3":0,"4":0,"5":0,"6":0,"7":0,"8":0,"9":0,"10":1,"11":0,"12":1,"13":0,"14":0,"15":0,"16":0,"17":0,"18":0,"19":0,"20":0,"21":0,"22":0,"23":0,"24":0,"25":0,"26":1,"27":0,"28":1,"29":0,"30":0,"31":0,"32":0,"33":1,"34":0,"35":0,"36":0,"37":0,"38":0,"39":0,"40":0,"41":0,"42":0,"43":0,"44":0,"45":0,"46":0,"47":0,"48":0,"49":0,"50":0,"51":0,"52":0,"53":0,"54":0,"55":1,"56":0,"57":0,"58":0,"59":0,"60":1,"61":0,"62":0,"63":0,"64":0},"f":{"0":0,"1":0,"2":0,"3":0,"4":0,"5":0,"6":0,"7":0,"8":0,"9":0},"b":{"0":[0,0],"1":[0,0],"2":[0,0],"3":[0],"4":[0,0],"5":[0,0],"6":[0],"7":[0,0],"8":[0,0],"9":[0,0],"10":[0,0],"11":[0,0],"12":[0,0],"13":[0,0],"14":[0,0],"15":[0,0],"16":[0,0],"17":[0,0],"18":[0,0],"19":[0,0],"20":[0,0]},"_coverageSchema":"1a1c01bbd47fc00a2c39e90264f33305004495a9","hash":"c9847bb0c7a774d62eac2712691c57329d1846ec"}
}
