TN:
SF:src/application/users.ts
FN:11,(anonymous_0)
FN:48,(anonymous_1)
FN:65,(anonymous_2)
FN:125,(anonymous_3)
FNF:4
FNH:3
FNDA:4,(anonymous_0)
FNDA:1,(anonymous_1)
FNDA:4,(anonymous_2)
FNDA:0,(anonymous_3)
DA:11,1
DA:15,4
DA:16,4
DA:17,3
DA:18,1
DA:26,2
DA:27,1
DA:29,2
DA:30,1
DA:38,1
DA:48,1
DA:52,1
DA:53,1
DA:55,0
DA:65,1
DA:69,4
DA:70,4
DA:71,4
DA:72,4
DA:73,1
DA:82,3
DA:84,3
DA:85,1
DA:93,2
DA:98,1
DA:99,1
DA:107,0
DA:108,0
DA:115,0
DA:125,1
DA:129,0
DA:130,0
DA:131,0
DA:133,0
DA:134,0
DA:142,0
LF:36
LH:26
BRDA:17,0,0,1
BRDA:17,0,1,2
BRDA:29,1,0,1
BRDA:29,1,1,1
BRDA:72,2,0,1
BRDA:72,2,1,3
BRDA:84,3,0,1
BRDA:84,3,1,2
BRDA:98,4,0,1
BRDA:98,4,1,0
BRDA:107,5,0,0
BRDA:107,5,1,0
BRDA:133,6,0,0
BRDA:133,6,1,0
BRF:14
BRH:9
end_of_record
TN:
SF:src/domain/users/get-userByToken.ts
FN:4,(anonymous_0)
FNF:1
FNH:0
FNDA:0,(anonymous_0)
DA:14,0
LF:1
LH:0
BRF:0
BRH:0
end_of_record
TN:
SF:src/infrastructure/users-repository.ts
FN:7,(anonymous_0)
FN:27,(anonymous_1)
FN:37,(anonymous_2)
FN:65,(anonymous_3)
FN:70,(anonymous_4)
FN:78,(anonymous_5)
FN:132,(anonymous_6)
FN:173,(anonymous_7)
FNF:8
FNH:0
FNDA:0,(anonymous_0)
FNDA:0,(anonymous_1)
FNDA:0,(anonymous_2)
FNDA:0,(anonymous_3)
FNDA:0,(anonymous_4)
FNDA:0,(anonymous_5)
FNDA:0,(anonymous_6)
FNDA:0,(anonymous_7)
DA:5,1
DA:7,1
DA:16,0
DA:24,0
DA:25,0
DA:27,0
DA:28,0
DA:37,1
DA:48,0
DA:59,0
DA:60,0
DA:62,0
DA:65,1
DA:66,0
DA:70,0
DA:78,1
DA:79,0
DA:83,0
DA:84,0
DA:87,0
DA:90,0
DA:91,0
DA:93,0
DA:101,0
DA:102,0
DA:103,0
DA:115,0
DA:116,0
DA:118,0
DA:128,0
DA:129,0
DA:132,1
DA:143,0
DA:145,0
DA:149,0
DA:150,0
DA:152,0
DA:155,0
DA:159,0
DA:168,0
DA:170,0
DA:173,1
DA:177,0
DA:180,0
DA:182,0
DA:183,0
DA:184,0
DA:186,0
DA:190,0
LF:49
LH:7
BRDA:24,0,0,0
BRDA:24,0,1,0
BRDA:59,1,0,0
BRDA:59,1,1,0
BRDA:83,2,0,0
BRDA:83,2,1,0
BRDA:90,3,0,0
BRDA:90,3,1,0
BRDA:101,4,0,0
BRDA:101,4,1,0
BRDA:102,5,0,0
BRDA:102,5,1,0
BRDA:102,6,0,0
BRDA:102,6,1,0
BRDA:145,7,0,0
BRDA:145,7,1,0
BRDA:145,8,0,0
BRDA:145,8,1,0
BRDA:149,9,0,0
BRDA:149,9,1,0
BRDA:180,10,0,0
BRDA:180,10,1,0
BRDA:182,11,0,0
BRDA:182,11,1,0
BRDA:182,12,0,0
BRDA:182,12,1,0
BRDA:183,13,0,0
BRDA:183,13,1,0
BRDA:193,14,0,0
BRDA:193,14,1,0
BRDA:194,15,0,0
BRDA:194,15,1,0
BRDA:195,16,0,0
BRDA:195,16,1,0
BRDA:196,17,0,0
BRDA:196,17,1,0
BRDA:197,18,0,0
BRDA:197,18,1,0
BRF:38
BRH:0
end_of_record
